  [1m[35m (4.3ms)[0m  [1m[34mSELECT sqlite_version(*)[0m
  [1m[35m (7.9ms)[0m  [1m[35mCREATE TABLE "schema_migrations" ("version" varchar NOT NULL PRIMARY KEY)[0m
  [1m[35m (1.1ms)[0m  [1m[35mCREATE TABLE "ar_internal_metadata" ("key" varchar NOT NULL PRIMARY KEY, "value" varchar, "created_at" datetime(6) NOT NULL, "updated_at" datetime(6) NOT NULL)[0m
  [1m[35m (0.2ms)[0m  [1m[34mSELECT "schema_migrations"."version" FROM "schema_migrations" ORDER BY "schema_migrations"."version" ASC[0m
Migrating to CreateFacts (20200915164638)
  [1m[35m (0.1ms)[0m  [1m[36mbegin transaction[0m
  [1m[35m (0.5ms)[0m  [1m[35mCREATE TABLE "facts" ("id" integer PRIMARY KEY AUTOINCREMENT NOT NULL, "true_content" text, "receipt_url" text, "created_at" datetime(6) NOT NULL, "updated_at" datetime(6) NOT NULL)[0m
  [1m[36mprimary::SchemaMigration Create (0.3ms)[0m  [1m[32mINSERT INTO "schema_migrations" ("version") VALUES (?)[0m  [["version", "20200915164638"]]
  [1m[35m (3.6ms)[0m  [1m[36mcommit transaction[0m
Migrating to CreateMyths (20200915165615)
  [1m[35m (0.4ms)[0m  [1m[36mbegin transaction[0m
  [1m[35m (0.5ms)[0m  [1m[35mCREATE TABLE "myths" ("id" integer PRIMARY KEY AUTOINCREMENT NOT NULL, "false_content" text, "fact_id" integer, "created_at" datetime(6) NOT NULL, "updated_at" datetime(6) NOT NULL, CONSTRAINT "fk_rails_9623bed8a7"
FOREIGN KEY ("fact_id")
  REFERENCES "facts" ("id")
)[0m
  [1m[35m (0.1ms)[0m  [1m[35mCREATE  INDEX "index_myths_on_fact_id" ON "myths" ("fact_id")[0m
  [1m[36mprimary::SchemaMigration Create (0.2ms)[0m  [1m[32mINSERT INTO "schema_migrations" ("version") VALUES (?)[0m  [["version", "20200915165615"]]
  [1m[35m (1.7ms)[0m  [1m[36mcommit transaction[0m
  [1m[36mActiveRecord::InternalMetadata Load (0.2ms)[0m  [1m[34mSELECT "ar_internal_metadata".* FROM "ar_internal_metadata" WHERE "ar_internal_metadata"."key" = ? LIMIT ?[0m  [["key", "environment"], ["LIMIT", 1]]
  [1m[35m (0.1ms)[0m  [1m[36mbegin transaction[0m
  [1m[36mActiveRecord::InternalMetadata Create (0.7ms)[0m  [1m[32mINSERT INTO "ar_internal_metadata" ("key", "value", "created_at", "updated_at") VALUES (?, ?, ?, ?)[0m  [["key", "environment"], ["value", "development"], ["created_at", "2020-09-15 17:11:21.536860"], ["updated_at", "2020-09-15 17:11:21.536860"]]
  [1m[35m (5.6ms)[0m  [1m[36mcommit transaction[0m
  [1m[35m (0.1ms)[0m  [1m[34mSELECT sqlite_version(*)[0m
  [1m[35m (0.2ms)[0m  [1m[34mSELECT "schema_migrations"."version" FROM "schema_migrations" ORDER BY "schema_migrations"."version" ASC[0m
  [1m[35m (3.6ms)[0m  [1m[34mSELECT sqlite_version(*)[0m
  [1m[35m (2.5ms)[0m  [1m[34mSELECT "schema_migrations"."version" FROM "schema_migrations" ORDER BY "schema_migrations"."version" ASC[0m
  [1m[35m (3.2ms)[0m  [1m[34mSELECT "ar_internal_metadata"."value" FROM "ar_internal_metadata" WHERE "ar_internal_metadata"."key" = ?[0m  [["key", "environment"]]
  [1m[35m (0.1ms)[0m  [1m[34mSELECT "schema_migrations"."version" FROM "schema_migrations" ORDER BY "schema_migrations"."version" ASC[0m
  [1m[35m (0.1ms)[0m  [1m[34mSELECT "ar_internal_metadata"."value" FROM "ar_internal_metadata" WHERE "ar_internal_metadata"."key" = ?[0m  [["key", "environment"]]
  [1m[35m (0.1ms)[0m  [1m[34mSELECT "schema_migrations"."version" FROM "schema_migrations" ORDER BY "schema_migrations"."version" ASC[0m
  [1m[35m (0.1ms)[0m  [1m[34mSELECT "ar_internal_metadata"."value" FROM "ar_internal_metadata" WHERE "ar_internal_metadata"."key" = ?[0m  [["key", "environment"]]
  [1m[35m (0.4ms)[0m  [1m[34mSELECT sqlite_version(*)[0m
  [1m[35m (3.2ms)[0m  [1m[35mCREATE TABLE "schema_migrations" ("version" varchar NOT NULL PRIMARY KEY)[0m
  [1m[35m (2.9ms)[0m  [1m[35mCREATE TABLE "ar_internal_metadata" ("key" varchar NOT NULL PRIMARY KEY, "value" varchar, "created_at" datetime(6) NOT NULL, "updated_at" datetime(6) NOT NULL)[0m
  [1m[35m (0.1ms)[0m  [1m[34mSELECT "schema_migrations"."version" FROM "schema_migrations" ORDER BY "schema_migrations"."version" ASC[0m
  [1m[35m (0.0ms)[0m  [1m[34mSELECT "schema_migrations"."version" FROM "schema_migrations" ORDER BY "schema_migrations"."version" ASC[0m
  [1m[35m (0.1ms)[0m  [1m[34mSELECT "schema_migrations"."version" FROM "schema_migrations" ORDER BY "schema_migrations"."version" ASC[0m
  [1m[35m (0.1ms)[0m  [1m[34mSELECT sqlite_version(*)[0m
  [1m[35m (0.1ms)[0m  [1m[34mSELECT "schema_migrations"."version" FROM "schema_migrations" ORDER BY "schema_migrations"."version" ASC[0m
  [1m[35m (0.4ms)[0m  [1m[34mSELECT sqlite_version(*)[0m
  [1m[35m (0.2ms)[0m  [1m[34mSELECT "schema_migrations"."version" FROM "schema_migrations" ORDER BY "schema_migrations"."version" ASC[0m
Migrating to CreateFacts (20200915164638)
  [1m[35m (0.1ms)[0m  [1m[36mbegin transaction[0m
  [1m[35m (0.8ms)[0m  [1m[35mCREATE TABLE "facts" ("id" integer PRIMARY KEY AUTOINCREMENT NOT NULL, "true_content" text, "receipt_url" text, "myth_id" integer, "created_at" datetime(6) NOT NULL, "updated_at" datetime(6) NOT NULL, CONSTRAINT "fk_rails_0b2040d855"
FOREIGN KEY ("myth_id")
  REFERENCES "myths" ("id")
)[0m
  [1m[35m (0.3ms)[0m  [1m[35mCREATE  INDEX "index_facts_on_myth_id" ON "facts" ("myth_id")[0m
  [1m[36mprimary::SchemaMigration Create (0.2ms)[0m  [1m[32mINSERT INTO "schema_migrations" ("version") VALUES (?)[0m  [["version", "20200915164638"]]
  [1m[35m (3.1ms)[0m  [1m[36mcommit transaction[0m
Migrating to CreateMyths (20200915165615)
  [1m[35m (0.1ms)[0m  [1m[36mbegin transaction[0m
  [1m[35m (0.8ms)[0m  [1m[35mCREATE TABLE "myths" ("id" integer PRIMARY KEY AUTOINCREMENT NOT NULL, "false_content" text, "created_at" datetime(6) NOT NULL, "updated_at" datetime(6) NOT NULL)[0m
  [1m[36mprimary::SchemaMigration Create (0.3ms)[0m  [1m[32mINSERT INTO "schema_migrations" ("version") VALUES (?)[0m  [["version", "20200915165615"]]
  [1m[35m (2.8ms)[0m  [1m[36mcommit transaction[0m
  [1m[36mActiveRecord::InternalMetadata Load (0.2ms)[0m  [1m[34mSELECT "ar_internal_metadata".* FROM "ar_internal_metadata" WHERE "ar_internal_metadata"."key" = ? LIMIT ?[0m  [["key", "environment"], ["LIMIT", 1]]
  [1m[35m (0.1ms)[0m  [1m[36mbegin transaction[0m
  [1m[36mActiveRecord::InternalMetadata Create (0.9ms)[0m  [1m[32mINSERT INTO "ar_internal_metadata" ("key", "value", "created_at", "updated_at") VALUES (?, ?, ?, ?)[0m  [["key", "environment"], ["value", "development"], ["created_at", "2020-09-15 17:42:56.214201"], ["updated_at", "2020-09-15 17:42:56.214201"]]
  [1m[35m (2.5ms)[0m  [1m[36mcommit transaction[0m
  [1m[35m (0.1ms)[0m  [1m[34mSELECT sqlite_version(*)[0m
  [1m[35m (0.1ms)[0m  [1m[34mSELECT "schema_migrations"."version" FROM "schema_migrations" ORDER BY "schema_migrations"."version" ASC[0m
  [1m[35m (0.3ms)[0m  [1m[34mSELECT sqlite_version(*)[0m
  [1m[35m (0.2ms)[0m  [1m[34mSELECT "schema_migrations"."version" FROM "schema_migrations" ORDER BY "schema_migrations"."version" ASC[0m
  [1m[35m (0.1ms)[0m  [1m[34mSELECT sqlite_version(*)[0m
  [1m[35m (0.1ms)[0m  [1m[36mbegin transaction[0m
  [1m[36mMyth Create (0.4ms)[0m  [1m[32mINSERT INTO "myths" ("false_content", "created_at", "updated_at") VALUES (?, ?, ?)[0m  [["false_content", "Kamala pushed a law that forces schools to turn undocumented students over to ICE"], ["created_at", "2020-09-15 18:09:53.701175"], ["updated_at", "2020-09-15 18:09:53.701175"]]
  [1m[35m (3.2ms)[0m  [1m[36mcommit transaction[0m
  [1m[35m (0.0ms)[0m  [1m[36mbegin transaction[0m
  [1m[36mMyth Create (1.1ms)[0m  [1m[32mINSERT INTO "myths" ("false_content", "created_at", "updated_at") VALUES (?, ?, ?)[0m  [["false_content", "False claims levied at Kamala Harris over the Kevin Cooper case such as: withheld DNA evidence to keep a man on death row; denied DNA testing to exonerate a man on death row; kept a man on death row despite DNA testing that exonerated him."], ["created_at", "2020-09-15 18:09:53.712592"], ["updated_at", "2020-09-15 18:09:53.712592"]]
  [1m[35m (2.7ms)[0m  [1m[36mcommit transaction[0m
  [1m[35m (0.1ms)[0m  [1m[36mbegin transaction[0m
  [1m[36mMyth Create (0.3ms)[0m  [1m[32mINSERT INTO "myths" ("false_content", "created_at", "updated_at") VALUES (?, ?, ?)[0m  [["false_content", "Many smears and distortions about Kamala Harris’ anti-truancy record including: false claims about laughing about putting parents in jail if their kids missed school; locking up parents; targeting poor families and people of color"], ["created_at", "2020-09-15 18:09:53.725356"], ["updated_at", "2020-09-15 18:09:53.725356"]]
  [1m[35m (3.2ms)[0m  [1m[36mcommit transaction[0m
  [1m[35m (0.1ms)[0m  [1m[36mbegin transaction[0m
  [1m[36mFact Create (0.5ms)[0m  [1m[32mINSERT INTO "facts" ("true_content", "receipt_url", "myth_id", "created_at", "updated_at") VALUES (?, ?, ?, ?, ?)[0m  [["true_content", "Kamala Harris has consistently been a supporter of sanctuary status and a champion for immigrant rights."], ["receipt_url", "https://medium.com/@blackwomenviews/debunking-the-lies-smears-and-distortions-about-kamala-harris-1718881a0ec3"], ["myth_id", 1], ["created_at", "2020-09-15 18:09:53.793962"], ["updated_at", "2020-09-15 18:09:53.793962"]]
  [1m[35m (2.9ms)[0m  [1m[36mcommit transaction[0m
  [1m[35m (0.1ms)[0m  [1m[36mbegin transaction[0m
  [1m[36mFact Create (0.4ms)[0m  [1m[32mINSERT INTO "facts" ("true_content", "receipt_url", "myth_id", "created_at", "updated_at") VALUES (?, ?, ?, ?, ?)[0m  [["true_content", "Kamala Harris was not responsible for nor did she push for then Mayor Gavin Newsom’s 2008 unilateral decision to modify his policy to include reporting undocumented youth charged with felonies to ICE."], ["receipt_url", "https://medium.com/@blackwomenviews/debunking-the-lies-smears-and-distortions-about-kamala-harris-1718881a0ec3"], ["myth_id", 1], ["created_at", "2020-09-15 18:09:53.808838"], ["updated_at", "2020-09-15 18:09:53.808838"]]
  [1m[35m (2.6ms)[0m  [1m[36mcommit transaction[0m
  [1m[35m (0.1ms)[0m  [1m[36mbegin transaction[0m
  [1m[36mFact Create (0.3ms)[0m  [1m[32mINSERT INTO "facts" ("true_content", "receipt_url", "myth_id", "created_at", "updated_at") VALUES (?, ?, ?, ?, ?)[0m  [["true_content", "Kamala Harris played no role in the Kevin Cooper case. Cooper was convicted of four murder counts in 1983, Cooper had exhausted all of his court appeals in November 2009 which was prior to Harris taking office as AG"], ["receipt_url", "https://medium.com/@blackwomenviews/debunking-the-lies-smears-and-distortions-about-kamala-harris-1718881a0ec3"], ["myth_id", 2], ["created_at", "2020-09-15 18:09:53.815716"], ["updated_at", "2020-09-15 18:09:53.815716"]]
  [1m[35m (5.7ms)[0m  [1m[36mcommit transaction[0m
  [1m[35m (0.1ms)[0m  [1m[36mbegin transaction[0m
  [1m[36mFact Create (0.7ms)[0m  [1m[32mINSERT INTO "facts" ("true_content", "receipt_url", "myth_id", "created_at", "updated_at") VALUES (?, ?, ?, ?, ?)[0m  [["true_content", "Cooper’s only recourse left was clemency which is solely within the Governor’s powers. He was denied clemency by all of the governors here after and finally Governor Newsom expanded the DNA testing in February 2019"], ["receipt_url", "https://medium.com/@blackwomenviews/debunking-the-lies-smears-and-distortions-about-kamala-harris-1718881a0ec3"], ["myth_id", 2], ["created_at", "2020-09-15 18:09:53.825830"], ["updated_at", "2020-09-15 18:09:53.825830"]]
  [1m[35m (2.7ms)[0m  [1m[36mcommit transaction[0m
  [1m[35m (0.1ms)[0m  [1m[36mbegin transaction[0m
  [1m[36mFact Create (0.6ms)[0m  [1m[32mINSERT INTO "facts" ("true_content", "receipt_url", "myth_id", "created_at", "updated_at") VALUES (?, ?, ?, ?, ?)[0m  [["true_content", "Tackling truancy was not about punishing or prosecuting parents (which was a rarely used last resort), it was about providing parents resources needed to get their children in school."], ["receipt_url", "https://medium.com/@blackwomenviews/debunking-the-lies-smears-and-distortions-about-kamala-harris-1718881a0ec3"], ["myth_id", 3], ["created_at", "2020-09-15 18:09:53.835663"], ["updated_at", "2020-09-15 18:09:53.835663"]]
  [1m[35m (3.0ms)[0m  [1m[36mcommit transaction[0m
  [1m[35m (0.1ms)[0m  [1m[36mbegin transaction[0m
  [1m[36mFact Create (0.7ms)[0m  [1m[32mINSERT INTO "facts" ("true_content", "receipt_url", "myth_id", "created_at", "updated_at") VALUES (?, ?, ?, ?, ?)[0m  [["true_content", "Kamala Harris did not lock parents up. Kamala Harris made the decision to tackle the elementary school truancy crisis in San Francisco after discovering that 94% of homicide victims were high school drop outs"], ["receipt_url", "https://medium.com/@blackwomenviews/debunking-the-lies-smears-and-distortions-about-kamala-harris-1718881a0ec3"], ["myth_id", 3], ["created_at", "2020-09-15 18:09:53.844610"], ["updated_at", "2020-09-15 18:09:53.844610"]]
  [1m[35m (2.8ms)[0m  [1m[36mcommit transaction[0m
Started GET "/" for ::1 at 2020-09-15 11:10:05 -0700
  [1m[35m (0.5ms)[0m  [1m[34mSELECT sqlite_version(*)[0m
  [1m[35m (0.2ms)[0m  [1m[34mSELECT "schema_migrations"."version" FROM "schema_migrations" ORDER BY "schema_migrations"."version" ASC[0m
Processing by Rails::WelcomeController#index as HTML
  Rendering /Users/syd/.rvm/gems/ruby-2.6.1/gems/railties-6.0.3.3/lib/rails/templates/rails/welcome/index.html.erb
  Rendered /Users/syd/.rvm/gems/ruby-2.6.1/gems/railties-6.0.3.3/lib/rails/templates/rails/welcome/index.html.erb (Duration: 11.7ms | Allocations: 481)
Completed 200 OK in 40ms (Views: 24.0ms | ActiveRecord: 0.0ms | Allocations: 2633)


Started GET "/myths" for ::1 at 2020-09-15 11:10:14 -0700
  
AbstractController::ActionNotFound (The action 'index' could not be found for MythsController):
  
actionpack (6.0.3.3) lib/abstract_controller/base.rb:131:in `process'
actionpack (6.0.3.3) lib/action_controller/metal.rb:190:in `dispatch'
actionpack (6.0.3.3) lib/action_controller/metal.rb:254:in `dispatch'
actionpack (6.0.3.3) lib/action_dispatch/routing/route_set.rb:50:in `dispatch'
actionpack (6.0.3.3) lib/action_dispatch/routing/route_set.rb:33:in `serve'
actionpack (6.0.3.3) lib/action_dispatch/journey/router.rb:49:in `block in serve'
actionpack (6.0.3.3) lib/action_dispatch/journey/router.rb:32:in `each'
actionpack (6.0.3.3) lib/action_dispatch/journey/router.rb:32:in `serve'
actionpack (6.0.3.3) lib/action_dispatch/routing/route_set.rb:834:in `call'
rack (2.2.3) lib/rack/etag.rb:27:in `call'
rack (2.2.3) lib/rack/conditional_get.rb:27:in `call'
rack (2.2.3) lib/rack/head.rb:12:in `call'
activerecord (6.0.3.3) lib/active_record/migration.rb:567:in `call'
actionpack (6.0.3.3) lib/action_dispatch/middleware/callbacks.rb:27:in `block in call'
activesupport (6.0.3.3) lib/active_support/callbacks.rb:101:in `run_callbacks'
actionpack (6.0.3.3) lib/action_dispatch/middleware/callbacks.rb:26:in `call'
actionpack (6.0.3.3) lib/action_dispatch/middleware/executor.rb:14:in `call'
actionpack (6.0.3.3) lib/action_dispatch/middleware/actionable_exceptions.rb:17:in `call'
actionpack (6.0.3.3) lib/action_dispatch/middleware/debug_exceptions.rb:32:in `call'
actionpack (6.0.3.3) lib/action_dispatch/middleware/show_exceptions.rb:33:in `call'
railties (6.0.3.3) lib/rails/rack/logger.rb:37:in `call_app'
railties (6.0.3.3) lib/rails/rack/logger.rb:26:in `block in call'
activesupport (6.0.3.3) lib/active_support/tagged_logging.rb:80:in `block in tagged'
activesupport (6.0.3.3) lib/active_support/tagged_logging.rb:28:in `tagged'
activesupport (6.0.3.3) lib/active_support/tagged_logging.rb:80:in `tagged'
railties (6.0.3.3) lib/rails/rack/logger.rb:26:in `call'
actionpack (6.0.3.3) lib/action_dispatch/middleware/remote_ip.rb:81:in `call'
actionpack (6.0.3.3) lib/action_dispatch/middleware/request_id.rb:27:in `call'
rack (2.2.3) lib/rack/runtime.rb:22:in `call'
activesupport (6.0.3.3) lib/active_support/cache/strategy/local_cache_middleware.rb:29:in `call'
actionpack (6.0.3.3) lib/action_dispatch/middleware/executor.rb:14:in `call'
actionpack (6.0.3.3) lib/action_dispatch/middleware/static.rb:126:in `call'
rack (2.2.3) lib/rack/sendfile.rb:110:in `call'
actionpack (6.0.3.3) lib/action_dispatch/middleware/host_authorization.rb:82:in `call'
rack-cors (1.1.1) lib/rack/cors.rb:100:in `call'
railties (6.0.3.3) lib/rails/engine.rb:527:in `call'
puma (4.3.6) lib/puma/configuration.rb:228:in `call'
puma (4.3.6) lib/puma/server.rb:713:in `handle_request'
puma (4.3.6) lib/puma/server.rb:472:in `process_client'
puma (4.3.6) lib/puma/server.rb:328:in `block in run'
puma (4.3.6) lib/puma/thread_pool.rb:134:in `block in spawn_thread'
Started GET "/myths" for ::1 at 2020-09-15 11:11:59 -0700
  [1m[35m (0.4ms)[0m  [1m[34mSELECT sqlite_version(*)[0m
  [1m[35m (0.2ms)[0m  [1m[34mSELECT "schema_migrations"."version" FROM "schema_migrations" ORDER BY "schema_migrations"."version" ASC[0m
Processing by MythsController#index as HTML
Completed 204 No Content in 3ms (ActiveRecord: 0.0ms | Allocations: 1264)


Started GET "/myths" for ::1 at 2020-09-15 11:12:02 -0700
Processing by MythsController#index as HTML
Completed 204 No Content in 0ms (ActiveRecord: 0.0ms | Allocations: 44)


Started GET "/" for ::1 at 2020-09-15 11:12:15 -0700
Processing by Rails::WelcomeController#index as HTML
  Rendering /Users/syd/.rvm/gems/ruby-2.6.1/gems/railties-6.0.3.3/lib/rails/templates/rails/welcome/index.html.erb
  Rendered /Users/syd/.rvm/gems/ruby-2.6.1/gems/railties-6.0.3.3/lib/rails/templates/rails/welcome/index.html.erb (Duration: 6.1ms | Allocations: 316)
Completed 200 OK in 10ms (Views: 8.1ms | ActiveRecord: 0.0ms | Allocations: 1594)


Started GET "/favicon.ico" for ::1 at 2020-09-15 11:12:15 -0700
  
ActionController::RoutingError (No route matches [GET] "/favicon.ico"):
  
actionpack (6.0.3.3) lib/action_dispatch/middleware/debug_exceptions.rb:36:in `call'
actionpack (6.0.3.3) lib/action_dispatch/middleware/show_exceptions.rb:33:in `call'
railties (6.0.3.3) lib/rails/rack/logger.rb:37:in `call_app'
railties (6.0.3.3) lib/rails/rack/logger.rb:26:in `block in call'
activesupport (6.0.3.3) lib/active_support/tagged_logging.rb:80:in `block in tagged'
activesupport (6.0.3.3) lib/active_support/tagged_logging.rb:28:in `tagged'
activesupport (6.0.3.3) lib/active_support/tagged_logging.rb:80:in `tagged'
railties (6.0.3.3) lib/rails/rack/logger.rb:26:in `call'
actionpack (6.0.3.3) lib/action_dispatch/middleware/remote_ip.rb:81:in `call'
actionpack (6.0.3.3) lib/action_dispatch/middleware/request_id.rb:27:in `call'
rack (2.2.3) lib/rack/runtime.rb:22:in `call'
activesupport (6.0.3.3) lib/active_support/cache/strategy/local_cache_middleware.rb:29:in `call'
actionpack (6.0.3.3) lib/action_dispatch/middleware/executor.rb:14:in `call'
actionpack (6.0.3.3) lib/action_dispatch/middleware/static.rb:126:in `call'
rack (2.2.3) lib/rack/sendfile.rb:110:in `call'
actionpack (6.0.3.3) lib/action_dispatch/middleware/host_authorization.rb:82:in `call'
rack-cors (1.1.1) lib/rack/cors.rb:100:in `call'
railties (6.0.3.3) lib/rails/engine.rb:527:in `call'
puma (4.3.6) lib/puma/configuration.rb:228:in `call'
puma (4.3.6) lib/puma/server.rb:713:in `handle_request'
puma (4.3.6) lib/puma/server.rb:472:in `process_client'
puma (4.3.6) lib/puma/server.rb:328:in `block in run'
puma (4.3.6) lib/puma/thread_pool.rb:134:in `block in spawn_thread'
Started GET "/myths" for ::1 at 2020-09-15 11:12:18 -0700
Processing by MythsController#index as HTML
Completed 204 No Content in 1ms (ActiveRecord: 0.0ms | Allocations: 62)


Started GET "/myths" for ::1 at 2020-09-15 11:12:23 -0700
Processing by MythsController#index as HTML
Completed 204 No Content in 0ms (ActiveRecord: 0.0ms | Allocations: 44)


  [1m[35m (0.4ms)[0m  [1m[34mSELECT sqlite_version(*)[0m
  [1m[36mMyth Load (0.4ms)[0m  [1m[34mSELECT "myths".* FROM "myths" ORDER BY "myths"."id" ASC LIMIT ?[0m  [["LIMIT", 1]]
  [1m[36mMyth Load (0.3ms)[0m  [1m[34mSELECT "myths".* FROM "myths" LIMIT ?[0m  [["LIMIT", 11]]
  [1m[36mFact Load (0.1ms)[0m  [1m[34mSELECT "facts".* FROM "facts" ORDER BY "facts"."id" ASC LIMIT ?[0m  [["LIMIT", 1]]
  [1m[36mFact Load (0.4ms)[0m  [1m[34mSELECT "facts".* FROM "facts" LIMIT ?[0m  [["LIMIT", 11]]
  [1m[35m (3.7ms)[0m  [1m[34mSELECT sqlite_version(*)[0m
  [1m[36mMyth Load (0.4ms)[0m  [1m[34mSELECT "myths".* FROM "myths" ORDER BY "myths"."id" ASC LIMIT ?[0m  [["LIMIT", 1]]
  [1m[36mMyth Load (0.3ms)[0m  [1m[34mSELECT "myths".* FROM "myths" ORDER BY "myths"."id" ASC LIMIT ?[0m  [["LIMIT", 1]]
  [1m[36mMyth Load (0.2ms)[0m  [1m[34mSELECT "myths".* FROM "myths" ORDER BY "myths"."id" ASC LIMIT ?[0m  [["LIMIT", 1]]
  [1m[36mFact Load (0.3ms)[0m  [1m[34mSELECT "facts".* FROM "facts" WHERE "facts"."myth_id" = ? LIMIT ?[0m  [["myth_id", 1], ["LIMIT", 11]]
  [1m[36mMyth Load (0.4ms)[0m  [1m[34mSELECT "myths".* FROM "myths" ORDER BY "myths"."id" ASC LIMIT ? OFFSET ?[0m  [["LIMIT", 1], ["OFFSET", 1]]
  [1m[36mFact Load (0.3ms)[0m  [1m[34mSELECT "facts".* FROM "facts" WHERE "facts"."myth_id" = ? LIMIT ?[0m  [["myth_id", 2], ["LIMIT", 11]]
  [1m[36mMyth Load (0.2ms)[0m  [1m[34mSELECT "myths".* FROM "myths" ORDER BY "myths"."id" ASC LIMIT ? OFFSET ?[0m  [["LIMIT", 1], ["OFFSET", 2]]
  [1m[36mFact Load (0.2ms)[0m  [1m[34mSELECT "facts".* FROM "facts" WHERE "facts"."myth_id" = ? LIMIT ?[0m  [["myth_id", 3], ["LIMIT", 11]]
Started GET "/" for ::1 at 2020-09-15 12:20:58 -0700
  [1m[35m (3.4ms)[0m  [1m[34mSELECT sqlite_version(*)[0m
  [1m[35m (0.2ms)[0m  [1m[34mSELECT "schema_migrations"."version" FROM "schema_migrations" ORDER BY "schema_migrations"."version" ASC[0m
Processing by Rails::WelcomeController#index as HTML
  Rendering /Users/syd/.rvm/gems/ruby-2.6.1/gems/railties-6.0.3.3/lib/rails/templates/rails/welcome/index.html.erb
  Rendered /Users/syd/.rvm/gems/ruby-2.6.1/gems/railties-6.0.3.3/lib/rails/templates/rails/welcome/index.html.erb (Duration: 10.5ms | Allocations: 316)
Completed 200 OK in 37ms (Views: 22.7ms | ActiveRecord: 0.0ms | Allocations: 1597)


Started GET "/myths" for ::1 at 2020-09-15 12:21:02 -0700
Processing by MythsController#index as HTML
  [1m[36mMyth Load (0.5ms)[0m  [1m[34mSELECT "myths".* FROM "myths"[0m
  ↳ app/controllers/myths_controller.rb:4:in `index'
Completed 200 OK in 24ms (Views: 10.9ms | ActiveRecord: 1.0ms | Allocations: 5463)


Started GET "/myths/facts" for ::1 at 2020-09-15 12:21:24 -0700
Processing by MythsController#show as HTML
  Parameters: {"id"=>"facts"}
Completed 204 No Content in 0ms (ActiveRecord: 0.0ms | Allocations: 31)


Started GET "/facts" for ::1 at 2020-09-15 12:21:33 -0700
Processing by FactsController#index as HTML
Completed 204 No Content in 11ms (ActiveRecord: 0.0ms | Allocations: 822)


Started GET "/myths" for ::1 at 2020-09-15 12:22:17 -0700
  [1m[35m (0.1ms)[0m  [1m[34mSELECT sqlite_version(*)[0m
Processing by MythsController#index as HTML
  [1m[36mMyth Load (0.2ms)[0m  [1m[34mSELECT "myths".* FROM "myths"[0m
  ↳ app/controllers/myths_controller.rb:4:in `index'
Completed 200 OK in 10ms (Views: 4.9ms | ActiveRecord: 0.7ms | Allocations: 4921)


Started GET "/myths/facts" for ::1 at 2020-09-15 12:22:21 -0700
Processing by MythsController#show as HTML
  Parameters: {"id"=>"facts"}
Completed 204 No Content in 0ms (ActiveRecord: 0.0ms | Allocations: 25)


Started GET "/facts" for ::1 at 2020-09-15 12:22:25 -0700
Processing by FactsController#index as HTML
  [1m[36mFact Load (0.3ms)[0m  [1m[34mSELECT "facts".* FROM "facts"[0m
  ↳ app/controllers/facts_controller.rb:4:in `index'
Completed 200 OK in 19ms (Views: 11.4ms | ActiveRecord: 1.8ms | Allocations: 6185)


Started GET "/facts" for ::1 at 2020-09-15 13:05:40 -0700
  [1m[35m (0.1ms)[0m  [1m[34mSELECT sqlite_version(*)[0m
  
ActionController::RoutingError (No route matches [GET] "/facts"):
  
actionpack (6.0.3.3) lib/action_dispatch/middleware/debug_exceptions.rb:36:in `call'
actionpack (6.0.3.3) lib/action_dispatch/middleware/show_exceptions.rb:33:in `call'
railties (6.0.3.3) lib/rails/rack/logger.rb:37:in `call_app'
railties (6.0.3.3) lib/rails/rack/logger.rb:26:in `block in call'
activesupport (6.0.3.3) lib/active_support/tagged_logging.rb:80:in `block in tagged'
activesupport (6.0.3.3) lib/active_support/tagged_logging.rb:28:in `tagged'
activesupport (6.0.3.3) lib/active_support/tagged_logging.rb:80:in `tagged'
railties (6.0.3.3) lib/rails/rack/logger.rb:26:in `call'
actionpack (6.0.3.3) lib/action_dispatch/middleware/remote_ip.rb:81:in `call'
actionpack (6.0.3.3) lib/action_dispatch/middleware/request_id.rb:27:in `call'
rack (2.2.3) lib/rack/runtime.rb:22:in `call'
activesupport (6.0.3.3) lib/active_support/cache/strategy/local_cache_middleware.rb:29:in `call'
actionpack (6.0.3.3) lib/action_dispatch/middleware/executor.rb:14:in `call'
actionpack (6.0.3.3) lib/action_dispatch/middleware/static.rb:126:in `call'
rack (2.2.3) lib/rack/sendfile.rb:110:in `call'
actionpack (6.0.3.3) lib/action_dispatch/middleware/host_authorization.rb:82:in `call'
rack-cors (1.1.1) lib/rack/cors.rb:100:in `call'
railties (6.0.3.3) lib/rails/engine.rb:527:in `call'
puma (4.3.6) lib/puma/configuration.rb:228:in `call'
puma (4.3.6) lib/puma/server.rb:713:in `handle_request'
puma (4.3.6) lib/puma/server.rb:472:in `process_client'
puma (4.3.6) lib/puma/server.rb:328:in `block in run'
puma (4.3.6) lib/puma/thread_pool.rb:134:in `block in spawn_thread'
Started GET "/myths" for ::1 at 2020-09-15 13:05:44 -0700
Processing by MythsController#index as HTML
  [1m[36mMyth Load (0.2ms)[0m  [1m[34mSELECT "myths".* FROM "myths"[0m
  ↳ app/controllers/myths_controller.rb:4:in `index'
Completed 200 OK in 12ms (Views: 6.9ms | ActiveRecord: 0.2ms | Allocations: 4749)


Started GET "/myths/facts" for ::1 at 2020-09-15 13:05:47 -0700
Processing by MythsController#show as HTML
  Parameters: {"id"=>"facts"}
  [1m[36mMyth Load (0.4ms)[0m  [1m[34mSELECT "myths".* FROM "myths" WHERE "myths"."id" = ? LIMIT ?[0m  [["id", nil], ["LIMIT", 1]]
  ↳ app/controllers/myths_controller.rb:17:in `show'
Completed 404 Not Found in 6ms (ActiveRecord: 0.4ms | Allocations: 1038)


  
ActiveRecord::RecordNotFound (Couldn't find Myth with 'id'=facts):
  
app/controllers/myths_controller.rb:17:in `show'
Started GET "/myths/1" for ::1 at 2020-09-15 13:22:27 -0700
  [1m[35m (0.1ms)[0m  [1m[34mSELECT sqlite_version(*)[0m
Processing by MythsController#show as HTML
  Parameters: {"id"=>"1"}
  [1m[36mMyth Load (0.2ms)[0m  [1m[34mSELECT "myths".* FROM "myths" WHERE "myths"."id" = ? LIMIT ?[0m  [["id", 1], ["LIMIT", 1]]
  ↳ app/controllers/myths_controller.rb:17:in `show'
Completed 200 OK in 14ms (Views: 0.3ms | ActiveRecord: 0.2ms | Allocations: 4253)


Started GET "/myths/1/facts" for ::1 at 2020-09-15 13:22:37 -0700
Processing by FactsController#index as HTML
  Parameters: {"myth_id"=>"1"}
  [1m[36mMyth Load (0.2ms)[0m  [1m[34mSELECT "myths".* FROM "myths" WHERE "myths"."id" = ? LIMIT ?[0m  [["id", 1], ["LIMIT", 1]]
  ↳ app/controllers/facts_controller.rb:32:in `set_myth'
  [1m[36mFact Load (0.6ms)[0m  [1m[34mSELECT "facts".* FROM "facts" WHERE "facts"."myth_id" = ?[0m  [["myth_id", 1]]
  ↳ app/controllers/facts_controller.rb:7:in `index'
Completed 200 OK in 61ms (Views: 33.5ms | ActiveRecord: 0.8ms | Allocations: 7899)


Started GET "/myths/2/facts" for ::1 at 2020-09-15 13:25:41 -0700
  [1m[35m (0.1ms)[0m  [1m[34mSELECT sqlite_version(*)[0m
Processing by FactsController#index as HTML
  Parameters: {"myth_id"=>"2"}
  [1m[36mMyth Load (0.2ms)[0m  [1m[34mSELECT "myths".* FROM "myths" WHERE "myths"."id" = ? LIMIT ?[0m  [["id", 2], ["LIMIT", 1]]
  ↳ app/controllers/facts_controller.rb:28:in `set_myth'
  [1m[36mFact Load (0.1ms)[0m  [1m[34mSELECT "facts".* FROM "facts" WHERE "facts"."myth_id" = ?[0m  [["myth_id", 2]]
  ↳ app/controllers/facts_controller.rb:7:in `index'
Completed 200 OK in 33ms (Views: 12.9ms | ActiveRecord: 1.6ms | Allocations: 10269)


Started GET "/myths/3/facts" for ::1 at 2020-09-15 13:26:17 -0700
Processing by FactsController#index as HTML
  Parameters: {"myth_id"=>"3"}
  [1m[36mMyth Load (0.3ms)[0m  [1m[34mSELECT "myths".* FROM "myths" WHERE "myths"."id" = ? LIMIT ?[0m  [["id", 3], ["LIMIT", 1]]
  ↳ app/controllers/facts_controller.rb:28:in `set_myth'
  [1m[36mFact Load (0.2ms)[0m  [1m[34mSELECT "facts".* FROM "facts" WHERE "facts"."myth_id" = ?[0m  [["myth_id", 3]]
  ↳ app/controllers/facts_controller.rb:7:in `index'
Completed 200 OK in 8ms (Views: 6.1ms | ActiveRecord: 0.5ms | Allocations: 1754)


Started GET "/myths" for ::1 at 2020-09-15 13:26:42 -0700
Processing by MythsController#index as HTML
  [1m[36mMyth Load (0.3ms)[0m  [1m[34mSELECT "myths".* FROM "myths"[0m
  ↳ app/controllers/myths_controller.rb:4:in `index'
Completed 200 OK in 4ms (Views: 3.2ms | ActiveRecord: 0.3ms | Allocations: 1188)


Started GET "/facts" for ::1 at 2020-09-15 13:26:57 -0700
  
ActionController::RoutingError (No route matches [GET] "/facts"):
  
actionpack (6.0.3.3) lib/action_dispatch/middleware/debug_exceptions.rb:36:in `call'
actionpack (6.0.3.3) lib/action_dispatch/middleware/show_exceptions.rb:33:in `call'
railties (6.0.3.3) lib/rails/rack/logger.rb:37:in `call_app'
railties (6.0.3.3) lib/rails/rack/logger.rb:26:in `block in call'
activesupport (6.0.3.3) lib/active_support/tagged_logging.rb:80:in `block in tagged'
activesupport (6.0.3.3) lib/active_support/tagged_logging.rb:28:in `tagged'
activesupport (6.0.3.3) lib/active_support/tagged_logging.rb:80:in `tagged'
railties (6.0.3.3) lib/rails/rack/logger.rb:26:in `call'
actionpack (6.0.3.3) lib/action_dispatch/middleware/remote_ip.rb:81:in `call'
actionpack (6.0.3.3) lib/action_dispatch/middleware/request_id.rb:27:in `call'
rack (2.2.3) lib/rack/runtime.rb:22:in `call'
activesupport (6.0.3.3) lib/active_support/cache/strategy/local_cache_middleware.rb:29:in `call'
actionpack (6.0.3.3) lib/action_dispatch/middleware/executor.rb:14:in `call'
actionpack (6.0.3.3) lib/action_dispatch/middleware/static.rb:126:in `call'
rack (2.2.3) lib/rack/sendfile.rb:110:in `call'
actionpack (6.0.3.3) lib/action_dispatch/middleware/host_authorization.rb:82:in `call'
rack-cors (1.1.1) lib/rack/cors.rb:100:in `call'
railties (6.0.3.3) lib/rails/engine.rb:527:in `call'
puma (4.3.6) lib/puma/configuration.rb:228:in `call'
puma (4.3.6) lib/puma/server.rb:713:in `handle_request'
puma (4.3.6) lib/puma/server.rb:472:in `process_client'
puma (4.3.6) lib/puma/server.rb:328:in `block in run'
puma (4.3.6) lib/puma/thread_pool.rb:134:in `block in spawn_thread'
Started GET "/myths" for ::1 at 2020-09-15 13:56:48 -0700
  [1m[35m (0.1ms)[0m  [1m[34mSELECT sqlite_version(*)[0m
Processing by MythsController#index as HTML
  [1m[36mMyth Load (0.2ms)[0m  [1m[34mSELECT "myths".* FROM "myths"[0m
  ↳ app/controllers/myths_controller.rb:4:in `index'
Completed 200 OK in 3ms (Views: 2.2ms | ActiveRecord: 0.2ms | Allocations: 1172)


Started GET "/myths" for ::1 at 2020-09-15 14:02:34 -0700
  [1m[35m (0.1ms)[0m  [1m[34mSELECT sqlite_version(*)[0m
Processing by MythsController#index as */*
  [1m[36mMyth Load (0.2ms)[0m  [1m[34mSELECT "myths".* FROM "myths"[0m
  ↳ app/controllers/myths_controller.rb:4:in `index'
Completed 200 OK in 4ms (Views: 3.3ms | ActiveRecord: 0.2ms | Allocations: 1175)


Started GET "/myths" for ::1 at 2020-09-15 14:05:33 -0700
Processing by MythsController#index as */*
  [1m[36mMyth Load (0.2ms)[0m  [1m[34mSELECT "myths".* FROM "myths"[0m
  ↳ app/controllers/myths_controller.rb:4:in `index'
Completed 200 OK in 3ms (Views: 2.1ms | ActiveRecord: 0.2ms | Allocations: 1158)


Started GET "/myths" for ::1 at 2020-09-15 14:07:56 -0700
Processing by MythsController#index as */*
  [1m[36mMyth Load (0.1ms)[0m  [1m[34mSELECT "myths".* FROM "myths"[0m
  ↳ app/controllers/myths_controller.rb:4:in `index'
Completed 200 OK in 3ms (Views: 2.6ms | ActiveRecord: 0.1ms | Allocations: 1158)


Started GET "/myths" for ::1 at 2020-09-15 14:10:49 -0700
Processing by MythsController#index as */*
  [1m[36mMyth Load (0.1ms)[0m  [1m[34mSELECT "myths".* FROM "myths"[0m
  ↳ app/controllers/myths_controller.rb:4:in `index'
Completed 200 OK in 2ms (Views: 1.7ms | ActiveRecord: 0.1ms | Allocations: 1158)


Started GET "/myths" for ::1 at 2020-09-15 14:11:29 -0700
Processing by MythsController#index as */*
  [1m[36mMyth Load (0.2ms)[0m  [1m[34mSELECT "myths".* FROM "myths"[0m
  ↳ app/controllers/myths_controller.rb:4:in `index'
Completed 200 OK in 3ms (Views: 2.7ms | ActiveRecord: 0.2ms | Allocations: 1158)


Started GET "/myths" for ::1 at 2020-09-15 14:11:51 -0700
Processing by MythsController#index as */*
  [1m[36mMyth Load (0.1ms)[0m  [1m[34mSELECT "myths".* FROM "myths"[0m
  ↳ app/controllers/myths_controller.rb:4:in `index'
Completed 200 OK in 4ms (Views: 3.2ms | ActiveRecord: 0.1ms | Allocations: 1158)


Started GET "/myths" for ::1 at 2020-09-15 14:12:19 -0700
Processing by MythsController#index as */*
  [1m[36mMyth Load (0.3ms)[0m  [1m[34mSELECT "myths".* FROM "myths"[0m
  ↳ app/controllers/myths_controller.rb:4:in `index'
Completed 200 OK in 2ms (Views: 1.8ms | ActiveRecord: 0.3ms | Allocations: 1158)


Started GET "/myths/1" for ::1 at 2020-09-15 14:14:15 -0700
Processing by MythsController#show as */*
  Parameters: {"id"=>"1"}
  [1m[36mMyth Load (0.4ms)[0m  [1m[34mSELECT "myths".* FROM "myths" WHERE "myths"."id" = ? LIMIT ?[0m  [["id", 1], ["LIMIT", 1]]
  ↳ app/controllers/myths_controller.rb:17:in `show'
Completed 200 OK in 3ms (Views: 0.4ms | ActiveRecord: 0.4ms | Allocations: 719)


Started GET "/myths/1" for ::1 at 2020-09-15 14:14:32 -0700
Processing by MythsController#show as */*
  Parameters: {"id"=>"1"}
  [1m[36mMyth Load (0.1ms)[0m  [1m[34mSELECT "myths".* FROM "myths" WHERE "myths"."id" = ? LIMIT ?[0m  [["id", 1], ["LIMIT", 1]]
  ↳ app/controllers/myths_controller.rb:17:in `show'
Completed 200 OK in 2ms (Views: 0.6ms | ActiveRecord: 0.1ms | Allocations: 706)


Started GET "/myths" for ::1 at 2020-09-15 14:14:51 -0700
Processing by MythsController#index as */*
  [1m[36mMyth Load (0.2ms)[0m  [1m[34mSELECT "myths".* FROM "myths"[0m
  ↳ app/controllers/myths_controller.rb:4:in `index'
Completed 200 OK in 3ms (Views: 2.9ms | ActiveRecord: 0.2ms | Allocations: 1158)


Started GET "/myths" for ::1 at 2020-09-15 21:56:26 -0700
  [1m[35m (6.8ms)[0m  [1m[34mSELECT sqlite_version(*)[0m
  [1m[35m (0.3ms)[0m  [1m[34mSELECT "schema_migrations"."version" FROM "schema_migrations" ORDER BY "schema_migrations"."version" ASC[0m
Processing by MythsController#index as */*
  [1m[36mMyth Load (0.2ms)[0m  [1m[34mSELECT "myths".* FROM "myths"[0m
  ↳ app/controllers/myths_controller.rb:4:in `index'
[active_model_serializers] Rendered ActiveModel::Serializer::CollectionSerializer with ActiveModelSerializers::Adapter::Attributes (1.73ms)
Completed 200 OK in 56ms (Views: 40.4ms | ActiveRecord: 1.1ms | Allocations: 8055)


Started GET "/myths" for ::1 at 2020-09-15 21:57:04 -0700
  [1m[35m (0.1ms)[0m  [1m[34mSELECT sqlite_version(*)[0m
Processing by MythsController#index as */*
  [1m[36mMyth Load (3.0ms)[0m  [1m[34mSELECT "myths".* FROM "myths"[0m
  ↳ app/controllers/myths_controller.rb:4:in `index'
[active_model_serializers] Rendered ActiveModel::Serializer::CollectionSerializer with ActiveModelSerializers::Adapter::Attributes (1.62ms)
Completed 200 OK in 45ms (Views: 30.8ms | ActiveRecord: 5.3ms | Allocations: 5237)


Started GET "/myths" for ::1 at 2020-09-15 21:57:17 -0700
  [1m[35m (0.1ms)[0m  [1m[34mSELECT sqlite_version(*)[0m
Processing by MythsController#index as */*
  [1m[36mMyth Load (0.2ms)[0m  [1m[34mSELECT "myths".* FROM "myths"[0m
  ↳ app/controllers/myths_controller.rb:4:in `index'
[active_model_serializers] Rendered ActiveModel::Serializer::CollectionSerializer with ActiveModelSerializers::Adapter::Attributes (1.3ms)
Completed 200 OK in 23ms (Views: 18.1ms | ActiveRecord: 0.9ms | Allocations: 5325)


Started GET "/myths" for ::1 at 2020-09-15 21:59:01 -0700
  [1m[35m (0.1ms)[0m  [1m[34mSELECT sqlite_version(*)[0m
Processing by MythsController#index as */*
  [1m[36mMyth Load (0.2ms)[0m  [1m[34mSELECT "myths".* FROM "myths"[0m
  ↳ app/controllers/myths_controller.rb:4:in `index'
[active_model_serializers]   [1m[36mFact Load (0.3ms)[0m  [1m[34mSELECT "facts".* FROM "facts" WHERE "facts"."myth_id" = ?[0m  [["myth_id", 1]]
[active_model_serializers]   ↳ app/controllers/myths_controller.rb:4:in `index'
[active_model_serializers]   [1m[36mFact Load (0.1ms)[0m  [1m[34mSELECT "facts".* FROM "facts" WHERE "facts"."myth_id" = ?[0m  [["myth_id", 2]]
[active_model_serializers]   ↳ app/controllers/myths_controller.rb:4:in `index'
[active_model_serializers]   [1m[36mFact Load (0.1ms)[0m  [1m[34mSELECT "facts".* FROM "facts" WHERE "facts"."myth_id" = ?[0m  [["myth_id", 3]]
[active_model_serializers]   ↳ app/controllers/myths_controller.rb:4:in `index'
[active_model_serializers] Rendered ActiveModel::Serializer::CollectionSerializer with ActiveModelSerializers::Adapter::Attributes (65.06ms)
Completed 200 OK in 102ms (Views: 96.4ms | ActiveRecord: 2.8ms | Allocations: 19292)


Started GET "/myths/1" for ::1 at 2020-09-15 21:59:54 -0700
Processing by MythsController#show as */*
  Parameters: {"id"=>"1"}
  [1m[36mMyth Load (0.3ms)[0m  [1m[34mSELECT "myths".* FROM "myths" WHERE "myths"."id" = ? LIMIT ?[0m  [["id", 1], ["LIMIT", 1]]
  ↳ app/controllers/myths_controller.rb:17:in `show'
[active_model_serializers]   [1m[36mFact Load (0.2ms)[0m  [1m[34mSELECT "facts".* FROM "facts" WHERE "facts"."myth_id" = ?[0m  [["myth_id", 1]]
[active_model_serializers]   ↳ app/controllers/myths_controller.rb:18:in `show'
[active_model_serializers] Rendered MythSerializer with ActiveModelSerializers::Adapter::Attributes (3.51ms)
Completed 200 OK in 7ms (Views: 3.9ms | ActiveRecord: 0.4ms | Allocations: 2374)


Started GET "/myths/1" for ::1 at 2020-09-15 22:01:29 -0700
  [1m[35m (0.1ms)[0m  [1m[34mSELECT sqlite_version(*)[0m
Processing by MythsController#show as */*
  Parameters: {"id"=>"1"}
  [1m[36mMyth Load (0.2ms)[0m  [1m[34mSELECT "myths".* FROM "myths" WHERE "myths"."id" = ? LIMIT ?[0m  [["id", 1], ["LIMIT", 1]]
  ↳ app/controllers/myths_controller.rb:17:in `show'
[active_model_serializers]   [1m[36mFact Load (0.2ms)[0m  [1m[34mSELECT "facts".* FROM "facts" WHERE "facts"."myth_id" = ?[0m  [["myth_id", 1]]
[active_model_serializers]   ↳ app/controllers/myths_controller.rb:18:in `show'
[active_model_serializers] Rendered MythSerializer with ActiveModelSerializers::Adapter::Attributes (28.71ms)
Completed 200 OK in 46ms (Views: 29.0ms | ActiveRecord: 2.1ms | Allocations: 11470)


Started GET "/myths/1/facts" for ::1 at 2020-09-15 22:04:14 -0700
Processing by FactsController#index as */*
  Parameters: {"myth_id"=>"1"}
  [1m[36mMyth Load (0.1ms)[0m  [1m[34mSELECT "myths".* FROM "myths" WHERE "myths"."id" = ? LIMIT ?[0m  [["id", 1], ["LIMIT", 1]]
  ↳ app/controllers/facts_controller.rb:28:in `set_myth'
  [1m[36mFact Load (0.1ms)[0m  [1m[34mSELECT "facts".* FROM "facts" WHERE "facts"."myth_id" = ?[0m  [["myth_id", 1]]
  ↳ app/controllers/facts_controller.rb:7:in `index'
[active_model_serializers] Rendered ActiveModel::Serializer::CollectionSerializer with ActiveModelSerializers::Adapter::Attributes (0.43ms)
Completed 200 OK in 4ms (Views: 2.8ms | ActiveRecord: 0.2ms | Allocations: 1943)


Started GET "/facts" for ::1 at 2020-09-15 22:06:35 -0700
  
ActionController::RoutingError (No route matches [GET] "/facts"):
  
actionpack (6.0.3.3) lib/action_dispatch/middleware/debug_exceptions.rb:36:in `call'
actionpack (6.0.3.3) lib/action_dispatch/middleware/show_exceptions.rb:33:in `call'
railties (6.0.3.3) lib/rails/rack/logger.rb:37:in `call_app'
railties (6.0.3.3) lib/rails/rack/logger.rb:26:in `block in call'
activesupport (6.0.3.3) lib/active_support/tagged_logging.rb:80:in `block in tagged'
activesupport (6.0.3.3) lib/active_support/tagged_logging.rb:28:in `tagged'
activesupport (6.0.3.3) lib/active_support/tagged_logging.rb:80:in `tagged'
railties (6.0.3.3) lib/rails/rack/logger.rb:26:in `call'
actionpack (6.0.3.3) lib/action_dispatch/middleware/remote_ip.rb:81:in `call'
actionpack (6.0.3.3) lib/action_dispatch/middleware/request_id.rb:27:in `call'
rack (2.2.3) lib/rack/runtime.rb:22:in `call'
activesupport (6.0.3.3) lib/active_support/cache/strategy/local_cache_middleware.rb:29:in `call'
actionpack (6.0.3.3) lib/action_dispatch/middleware/executor.rb:14:in `call'
actionpack (6.0.3.3) lib/action_dispatch/middleware/static.rb:126:in `call'
rack (2.2.3) lib/rack/sendfile.rb:110:in `call'
actionpack (6.0.3.3) lib/action_dispatch/middleware/host_authorization.rb:82:in `call'
rack-cors (1.1.1) lib/rack/cors.rb:100:in `call'
railties (6.0.3.3) lib/rails/engine.rb:527:in `call'
puma (4.3.6) lib/puma/configuration.rb:228:in `call'
puma (4.3.6) lib/puma/server.rb:713:in `handle_request'
puma (4.3.6) lib/puma/server.rb:472:in `process_client'
puma (4.3.6) lib/puma/server.rb:328:in `block in run'
puma (4.3.6) lib/puma/thread_pool.rb:134:in `block in spawn_thread'
Started GET "/facts" for ::1 at 2020-09-15 22:07:10 -0700
  [1m[35m (0.1ms)[0m  [1m[34mSELECT sqlite_version(*)[0m
Processing by FactsController#index as */*
Completed 404 Not Found in 8ms (ActiveRecord: 1.0ms | Allocations: 1562)


  
ActiveRecord::RecordNotFound (Couldn't find Myth without an ID):
  
app/controllers/facts_controller.rb:28:in `set_myth'
Started GET "/facts" for ::1 at 2020-09-15 22:08:44 -0700
  [1m[35m (0.1ms)[0m  [1m[34mSELECT sqlite_version(*)[0m
Processing by FactsController#index as */*
Completed 404 Not Found in 4ms (ActiveRecord: 0.6ms | Allocations: 1551)


  
ActiveRecord::RecordNotFound (Couldn't find Myth without an ID):
  
app/controllers/facts_controller.rb:32:in `set_myth'
Started GET "/facts" for ::1 at 2020-09-15 22:10:01 -0700
  [1m[35m (0.1ms)[0m  [1m[34mSELECT sqlite_version(*)[0m
Processing by FactsController#index as */*
  [1m[36mFact Load (7.5ms)[0m  [1m[34mSELECT "facts".* FROM "facts"[0m
  ↳ app/controllers/facts_controller.rb:11:in `index'
[active_model_serializers] Rendered ActiveModel::Serializer::CollectionSerializer with ActiveModelSerializers::Adapter::Attributes (1.04ms)
Completed 200 OK in 55ms (Views: 24.2ms | ActiveRecord: 10.7ms | Allocations: 6830)


Started GET "/facts" for ::1 at 2020-09-15 22:15:05 -0700
  [1m[35m (0.1ms)[0m  [1m[34mSELECT sqlite_version(*)[0m
  
ActionController::RoutingError (No route matches [GET] "/facts"):
  
actionpack (6.0.3.3) lib/action_dispatch/middleware/debug_exceptions.rb:36:in `call'
actionpack (6.0.3.3) lib/action_dispatch/middleware/show_exceptions.rb:33:in `call'
railties (6.0.3.3) lib/rails/rack/logger.rb:37:in `call_app'
railties (6.0.3.3) lib/rails/rack/logger.rb:26:in `block in call'
activesupport (6.0.3.3) lib/active_support/tagged_logging.rb:80:in `block in tagged'
activesupport (6.0.3.3) lib/active_support/tagged_logging.rb:28:in `tagged'
activesupport (6.0.3.3) lib/active_support/tagged_logging.rb:80:in `tagged'
railties (6.0.3.3) lib/rails/rack/logger.rb:26:in `call'
actionpack (6.0.3.3) lib/action_dispatch/middleware/remote_ip.rb:81:in `call'
actionpack (6.0.3.3) lib/action_dispatch/middleware/request_id.rb:27:in `call'
rack (2.2.3) lib/rack/runtime.rb:22:in `call'
activesupport (6.0.3.3) lib/active_support/cache/strategy/local_cache_middleware.rb:29:in `call'
actionpack (6.0.3.3) lib/action_dispatch/middleware/executor.rb:14:in `call'
actionpack (6.0.3.3) lib/action_dispatch/middleware/static.rb:126:in `call'
rack (2.2.3) lib/rack/sendfile.rb:110:in `call'
actionpack (6.0.3.3) lib/action_dispatch/middleware/host_authorization.rb:82:in `call'
rack-cors (1.1.1) lib/rack/cors.rb:100:in `call'
railties (6.0.3.3) lib/rails/engine.rb:527:in `call'
puma (4.3.6) lib/puma/configuration.rb:228:in `call'
puma (4.3.6) lib/puma/server.rb:713:in `handle_request'
puma (4.3.6) lib/puma/server.rb:472:in `process_client'
puma (4.3.6) lib/puma/server.rb:328:in `block in run'
puma (4.3.6) lib/puma/thread_pool.rb:134:in `block in spawn_thread'
Started GET "/myths" for ::1 at 2020-09-15 22:15:36 -0700
Processing by MythsController#index as */*
  [1m[36mMyth Load (0.6ms)[0m  [1m[34mSELECT "myths".* FROM "myths"[0m
  ↳ app/controllers/myths_controller.rb:4:in `index'
[active_model_serializers]   [1m[36mFact Load (0.3ms)[0m  [1m[34mSELECT "facts".* FROM "facts" WHERE "facts"."myth_id" = ?[0m  [["myth_id", 1]]
[active_model_serializers]   ↳ app/controllers/myths_controller.rb:4:in `index'
[active_model_serializers]   [1m[36mFact Load (0.1ms)[0m  [1m[34mSELECT "facts".* FROM "facts" WHERE "facts"."myth_id" = ?[0m  [["myth_id", 2]]
[active_model_serializers]   ↳ app/controllers/myths_controller.rb:4:in `index'
[active_model_serializers]   [1m[36mFact Load (0.2ms)[0m  [1m[34mSELECT "facts".* FROM "facts" WHERE "facts"."myth_id" = ?[0m  [["myth_id", 3]]
[active_model_serializers]   ↳ app/controllers/myths_controller.rb:4:in `index'
[active_model_serializers] Rendered ActiveModel::Serializer::CollectionSerializer with ActiveModelSerializers::Adapter::Attributes (32.28ms)
Completed 200 OK in 58ms (Views: 45.4ms | ActiveRecord: 5.3ms | Allocations: 15283)


Started GET "/myths/facts" for ::1 at 2020-09-15 22:15:46 -0700
Processing by MythsController#show as */*
  Parameters: {"id"=>"facts"}
  [1m[36mMyth Load (0.2ms)[0m  [1m[34mSELECT "myths".* FROM "myths" WHERE "myths"."id" = ? LIMIT ?[0m  [["id", nil], ["LIMIT", 1]]
  ↳ app/controllers/myths_controller.rb:17:in `show'
Completed 404 Not Found in 2ms (ActiveRecord: 0.2ms | Allocations: 723)


  
ActiveRecord::RecordNotFound (Couldn't find Myth with 'id'=facts):
  
app/controllers/myths_controller.rb:17:in `show'
Started GET "/myths/1/facts" for ::1 at 2020-09-15 22:16:02 -0700
Processing by FactsController#index as */*
  Parameters: {"myth_id"=>"1"}
  [1m[36mMyth Load (0.1ms)[0m  [1m[34mSELECT "myths".* FROM "myths" WHERE "myths"."id" = ? LIMIT ?[0m  [["id", 1], ["LIMIT", 1]]
  ↳ app/controllers/facts_controller.rb:30:in `set_myth'
  [1m[36mFact Load (0.2ms)[0m  [1m[34mSELECT "facts".* FROM "facts"[0m
  ↳ app/controllers/facts_controller.rb:9:in `index'
[active_model_serializers] Rendered ActiveModel::Serializer::CollectionSerializer with ActiveModelSerializers::Adapter::Attributes (1.0ms)
Completed 200 OK in 5ms (Views: 2.9ms | ActiveRecord: 0.3ms | Allocations: 2303)


Started GET "/myths/1" for ::1 at 2020-09-15 22:17:23 -0700
Processing by MythsController#show as */*
  Parameters: {"id"=>"1"}
  [1m[36mMyth Load (0.1ms)[0m  [1m[34mSELECT "myths".* FROM "myths" WHERE "myths"."id" = ? LIMIT ?[0m  [["id", 1], ["LIMIT", 1]]
  ↳ app/controllers/myths_controller.rb:17:in `show'
[active_model_serializers]   [1m[36mFact Load (0.2ms)[0m  [1m[34mSELECT "facts".* FROM "facts" WHERE "facts"."myth_id" = ?[0m  [["myth_id", 1]]
[active_model_serializers]   ↳ app/controllers/myths_controller.rb:18:in `show'
[active_model_serializers] Rendered MythSerializer with ActiveModelSerializers::Adapter::Attributes (4.48ms)
Completed 200 OK in 6ms (Views: 4.8ms | ActiveRecord: 0.3ms | Allocations: 2289)


Started GET "/myths/1" for ::1 at 2020-09-15 22:18:11 -0700
  [1m[35m (0.1ms)[0m  [1m[34mSELECT sqlite_version(*)[0m
Processing by MythsController#show as */*
  Parameters: {"id"=>"1"}
  [1m[36mMyth Load (0.1ms)[0m  [1m[34mSELECT "myths".* FROM "myths" WHERE "myths"."id" = ? LIMIT ?[0m  [["id", 1], ["LIMIT", 1]]
  ↳ app/controllers/myths_controller.rb:17:in `show'
[active_model_serializers]   [1m[36mFact Load (0.2ms)[0m  [1m[34mSELECT "facts".* FROM "facts" WHERE "facts"."myth_id" = ?[0m  [["myth_id", 1]]
[active_model_serializers]   ↳ app/controllers/myths_controller.rb:18:in `show'
[active_model_serializers] Rendered MythSerializer with ActiveModelSerializers::Adapter::Attributes (36.21ms)
Completed 200 OK in 53ms (Views: 36.3ms | ActiveRecord: 1.6ms | Allocations: 11509)


Started GET "/myths/1" for ::1 at 2020-09-15 22:23:44 -0700
  [1m[35m (0.7ms)[0m  [1m[34mSELECT sqlite_version(*)[0m
  [1m[35m (0.1ms)[0m  [1m[34mSELECT "schema_migrations"."version" FROM "schema_migrations" ORDER BY "schema_migrations"."version" ASC[0m
Processing by MythsController#show as */*
  Parameters: {"id"=>"1"}
  [1m[36mMyth Load (0.1ms)[0m  [1m[34mSELECT "myths".* FROM "myths" WHERE "myths"."id" = ? LIMIT ?[0m  [["id", 1], ["LIMIT", 1]]
  ↳ app/controllers/myths_controller.rb:17:in `show'
[active_model_serializers]   [1m[36mFact Load (0.2ms)[0m  [1m[34mSELECT "facts".* FROM "facts" WHERE "facts"."myth_id" = ?[0m  [["myth_id", 1]]
[active_model_serializers]   ↳ app/controllers/myths_controller.rb:18:in `show'
[active_model_serializers] Rendered MythSerializer with ActiveModelSerializers::Adapter::Attributes (19.77ms)
Completed 200 OK in 47ms (Views: 35.4ms | ActiveRecord: 1.5ms | Allocations: 16343)


Started GET "/myths" for ::1 at 2020-09-15 22:24:35 -0700
Processing by MythsController#index as */*
  [1m[36mMyth Load (0.4ms)[0m  [1m[34mSELECT "myths".* FROM "myths"[0m
  ↳ app/controllers/myths_controller.rb:4:in `index'
[active_model_serializers]   [1m[36mFact Load (0.1ms)[0m  [1m[34mSELECT "facts".* FROM "facts" WHERE "facts"."myth_id" = ?[0m  [["myth_id", 1]]
[active_model_serializers]   ↳ app/controllers/myths_controller.rb:4:in `index'
[active_model_serializers]   [1m[36mFact Load (0.2ms)[0m  [1m[34mSELECT "facts".* FROM "facts" WHERE "facts"."myth_id" = ?[0m  [["myth_id", 2]]
[active_model_serializers]   ↳ app/controllers/myths_controller.rb:4:in `index'
[active_model_serializers]   [1m[36mFact Load (0.2ms)[0m  [1m[34mSELECT "facts".* FROM "facts" WHERE "facts"."myth_id" = ?[0m  [["myth_id", 3]]
[active_model_serializers]   ↳ app/controllers/myths_controller.rb:4:in `index'
[active_model_serializers] Rendered ActiveModel::Serializer::CollectionSerializer with ActiveModelSerializers::Adapter::Attributes (13.14ms)
Completed 200 OK in 16ms (Views: 14.4ms | ActiveRecord: 0.8ms | Allocations: 6243)


Started GET "/myths" for ::1 at 2020-09-15 22:24:41 -0700
Processing by MythsController#index as */*
  [1m[36mMyth Load (0.2ms)[0m  [1m[34mSELECT "myths".* FROM "myths"[0m
  ↳ app/controllers/myths_controller.rb:4:in `index'
[active_model_serializers]   [1m[36mFact Load (0.2ms)[0m  [1m[34mSELECT "facts".* FROM "facts" WHERE "facts"."myth_id" = ?[0m  [["myth_id", 1]]
[active_model_serializers]   ↳ app/controllers/myths_controller.rb:4:in `index'
[active_model_serializers]   [1m[36mFact Load (0.1ms)[0m  [1m[34mSELECT "facts".* FROM "facts" WHERE "facts"."myth_id" = ?[0m  [["myth_id", 2]]
[active_model_serializers]   ↳ app/controllers/myths_controller.rb:4:in `index'
[active_model_serializers]   [1m[36mFact Load (0.2ms)[0m  [1m[34mSELECT "facts".* FROM "facts" WHERE "facts"."myth_id" = ?[0m  [["myth_id", 3]]
[active_model_serializers]   ↳ app/controllers/myths_controller.rb:4:in `index'
[active_model_serializers] Rendered ActiveModel::Serializer::CollectionSerializer with ActiveModelSerializers::Adapter::Attributes (15.82ms)
Completed 200 OK in 19ms (Views: 17.6ms | ActiveRecord: 0.7ms | Allocations: 6229)


Started GET "/myths" for ::1 at 2020-09-15 22:26:00 -0700
  [1m[35m (0.1ms)[0m  [1m[34mSELECT sqlite_version(*)[0m
Processing by MythsController#index as */*
  [1m[36mMyth Load (0.3ms)[0m  [1m[34mSELECT "myths".* FROM "myths"[0m
  ↳ app/controllers/myths_controller.rb:3:in `index'
  [1m[36mCACHE Myth Load (0.0ms)[0m  [1m[34mSELECT "myths".* FROM "myths"[0m
  ↳ app/controllers/myths_controller.rb:5:in `index'
[active_model_serializers]   [1m[36mFact Load (0.1ms)[0m  [1m[34mSELECT "facts".* FROM "facts" WHERE "facts"."myth_id" = ?[0m  [["myth_id", 1]]
[active_model_serializers]   ↳ app/controllers/myths_controller.rb:5:in `index'
[active_model_serializers]   [1m[36mFact Load (0.1ms)[0m  [1m[34mSELECT "facts".* FROM "facts" WHERE "facts"."myth_id" = ?[0m  [["myth_id", 2]]
[active_model_serializers]   ↳ app/controllers/myths_controller.rb:5:in `index'
[active_model_serializers]   [1m[36mFact Load (0.1ms)[0m  [1m[34mSELECT "facts".* FROM "facts" WHERE "facts"."myth_id" = ?[0m  [["myth_id", 3]]
[active_model_serializers]   ↳ app/controllers/myths_controller.rb:5:in `index'
[active_model_serializers] Rendered ActiveModel::Serializer::CollectionSerializer with ActiveModelSerializers::Adapter::Attributes (32.01ms)
Completed 200 OK in 175746ms (Views: 45.4ms | ActiveRecord: 2.9ms | Allocations: 46140)


Started GET "/myths" for ::1 at 2020-09-15 22:29:05 -0700
  [1m[35m (0.1ms)[0m  [1m[34mSELECT sqlite_version(*)[0m
Processing by MythsController#index as */*
  [1m[36mMyth Load (0.6ms)[0m  [1m[34mSELECT "myths".* FROM "myths"[0m
  ↳ app/controllers/myths_controller.rb:4:in `index'
[active_model_serializers]   [1m[36mFact Load (0.3ms)[0m  [1m[34mSELECT "facts".* FROM "facts" WHERE "facts"."myth_id" = ?[0m  [["myth_id", 1]]
[active_model_serializers]   ↳ app/controllers/myths_controller.rb:4:in `index'
[active_model_serializers]   [1m[36mFact Load (0.2ms)[0m  [1m[34mSELECT "facts".* FROM "facts" WHERE "facts"."myth_id" = ?[0m  [["myth_id", 2]]
[active_model_serializers]   ↳ app/controllers/myths_controller.rb:4:in `index'
[active_model_serializers]   [1m[36mFact Load (0.2ms)[0m  [1m[34mSELECT "facts".* FROM "facts" WHERE "facts"."myth_id" = ?[0m  [["myth_id", 3]]
[active_model_serializers]   ↳ app/controllers/myths_controller.rb:4:in `index'
[active_model_serializers] Rendered ActiveModel::Serializer::CollectionSerializer with ActiveModelSerializers::Adapter::Attributes (34.85ms)
Completed 200 OK in 58ms (Views: 48.9ms | ActiveRecord: 2.8ms | Allocations: 15245)


Started GET "/myths" for ::1 at 2020-09-15 22:42:32 -0700
  [1m[35m (0.1ms)[0m  [1m[34mSELECT sqlite_version(*)[0m
Processing by MythsController#index as */*
  [1m[36mMyth Load (1.0ms)[0m  [1m[34mSELECT "myths".* FROM "myths"[0m
  ↳ app/controllers/myths_controller.rb:4:in `index'
[active_model_serializers]   [1m[36mFact Load (0.3ms)[0m  [1m[34mSELECT "facts".* FROM "facts" WHERE "facts"."myth_id" = ?[0m  [["myth_id", 1]]
[active_model_serializers]   ↳ app/controllers/myths_controller.rb:4:in `index'
[active_model_serializers]   [1m[36mFact Load (0.2ms)[0m  [1m[34mSELECT "facts".* FROM "facts" WHERE "facts"."myth_id" = ?[0m  [["myth_id", 2]]
[active_model_serializers]   ↳ app/controllers/myths_controller.rb:4:in `index'
[active_model_serializers]   [1m[36mFact Load (0.2ms)[0m  [1m[34mSELECT "facts".* FROM "facts" WHERE "facts"."myth_id" = ?[0m  [["myth_id", 3]]
[active_model_serializers]   ↳ app/controllers/myths_controller.rb:4:in `index'
[active_model_serializers] Rendered ActiveModel::Serializer::CollectionSerializer with ActiveModelSerializers::Adapter::Attributes (75.53ms)
Completed 200 OK in 121ms (Views: 114.3ms | ActiveRecord: 1.7ms | Allocations: 14674)


Started GET "/myths" for ::1 at 2020-09-15 23:09:47 -0700
  [1m[35m (0.1ms)[0m  [1m[34mSELECT sqlite_version(*)[0m
Processing by MythsController#index as */*
  [1m[36mMyth Load (1.0ms)[0m  [1m[34mSELECT "myths".* FROM "myths"[0m
  ↳ app/controllers/myths_controller.rb:4:in `index'
[active_model_serializers]   [1m[36mFact Load (0.3ms)[0m  [1m[34mSELECT "facts".* FROM "facts" WHERE "facts"."myth_id" = ?[0m  [["myth_id", 1]]
[active_model_serializers]   ↳ app/controllers/myths_controller.rb:4:in `index'
[active_model_serializers]   [1m[36mFact Load (0.2ms)[0m  [1m[34mSELECT "facts".* FROM "facts" WHERE "facts"."myth_id" = ?[0m  [["myth_id", 2]]
[active_model_serializers]   ↳ app/controllers/myths_controller.rb:4:in `index'
[active_model_serializers]   [1m[36mFact Load (0.1ms)[0m  [1m[34mSELECT "facts".* FROM "facts" WHERE "facts"."myth_id" = ?[0m  [["myth_id", 3]]
[active_model_serializers]   ↳ app/controllers/myths_controller.rb:4:in `index'
[active_model_serializers] Rendered ActiveModel::Serializer::CollectionSerializer with ActiveModelSerializers::Adapter::Attributes (13.68ms)
Completed 200 OK in 18ms (Views: 16.0ms | ActiveRecord: 1.6ms | Allocations: 6243)


Started GET "/myths" for ::1 at 2020-09-16 15:42:16 -0700
  [1m[35m (4.1ms)[0m  [1m[34mSELECT sqlite_version(*)[0m
  [1m[35m (2.2ms)[0m  [1m[34mSELECT "schema_migrations"."version" FROM "schema_migrations" ORDER BY "schema_migrations"."version" ASC[0m
Processing by MythsController#index as */*
  [1m[36mMyth Load (2.9ms)[0m  [1m[34mSELECT "myths".* FROM "myths"[0m
  ↳ app/controllers/myths_controller.rb:4:in `index'
[active_model_serializers]   [1m[36mFact Load (2.6ms)[0m  [1m[34mSELECT "facts".* FROM "facts" WHERE "facts"."myth_id" = ?[0m  [["myth_id", 1]]
[active_model_serializers]   ↳ app/controllers/myths_controller.rb:4:in `index'
[active_model_serializers]   [1m[36mFact Load (0.2ms)[0m  [1m[34mSELECT "facts".* FROM "facts" WHERE "facts"."myth_id" = ?[0m  [["myth_id", 2]]
[active_model_serializers]   ↳ app/controllers/myths_controller.rb:4:in `index'
[active_model_serializers]   [1m[36mFact Load (0.1ms)[0m  [1m[34mSELECT "facts".* FROM "facts" WHERE "facts"."myth_id" = ?[0m  [["myth_id", 3]]
[active_model_serializers]   ↳ app/controllers/myths_controller.rb:4:in `index'
[active_model_serializers] Rendered ActiveModel::Serializer::CollectionSerializer with ActiveModelSerializers::Adapter::Attributes (70.72ms)
Completed 200 OK in 138ms (Views: 119.5ms | ActiveRecord: 7.4ms | Allocations: 20143)


Started GET "/myths" for ::1 at 2020-09-16 16:13:17 -0700
  [1m[35m (0.1ms)[0m  [1m[34mSELECT sqlite_version(*)[0m
Processing by MythsController#index as */*
  [1m[36mMyth Load (2.1ms)[0m  [1m[34mSELECT "myths".* FROM "myths"[0m
  ↳ app/controllers/myths_controller.rb:4:in `index'
[active_model_serializers]   [1m[36mFact Load (2.2ms)[0m  [1m[34mSELECT "facts".* FROM "facts" WHERE "facts"."myth_id" = ?[0m  [["myth_id", 1]]
[active_model_serializers]   ↳ app/controllers/myths_controller.rb:4:in `index'
[active_model_serializers]   [1m[36mFact Load (0.1ms)[0m  [1m[34mSELECT "facts".* FROM "facts" WHERE "facts"."myth_id" = ?[0m  [["myth_id", 2]]
[active_model_serializers]   ↳ app/controllers/myths_controller.rb:4:in `index'
[active_model_serializers]   [1m[36mFact Load (0.1ms)[0m  [1m[34mSELECT "facts".* FROM "facts" WHERE "facts"."myth_id" = ?[0m  [["myth_id", 3]]
[active_model_serializers]   ↳ app/controllers/myths_controller.rb:4:in `index'
[active_model_serializers] Rendered ActiveModel::Serializer::CollectionSerializer with ActiveModelSerializers::Adapter::Attributes (15.39ms)
Completed 200 OK in 21ms (Views: 16.6ms | ActiveRecord: 4.7ms | Allocations: 6256)


Started GET "/myths" for ::1 at 2020-09-16 16:23:49 -0700
  [1m[35m (0.1ms)[0m  [1m[34mSELECT sqlite_version(*)[0m
Processing by MythsController#index as */*
  [1m[36mMyth Load (2.3ms)[0m  [1m[34mSELECT "myths".* FROM "myths"[0m
  ↳ app/controllers/myths_controller.rb:4:in `index'
[active_model_serializers]   [1m[36mFact Load (4.9ms)[0m  [1m[34mSELECT "facts".* FROM "facts" WHERE "facts"."myth_id" = ?[0m  [["myth_id", 1]]
[active_model_serializers]   ↳ app/controllers/myths_controller.rb:4:in `index'
[active_model_serializers]   [1m[36mFact Load (0.3ms)[0m  [1m[34mSELECT "facts".* FROM "facts" WHERE "facts"."myth_id" = ?[0m  [["myth_id", 2]]
[active_model_serializers]   ↳ app/controllers/myths_controller.rb:4:in `index'
[active_model_serializers]   [1m[36mFact Load (0.2ms)[0m  [1m[34mSELECT "facts".* FROM "facts" WHERE "facts"."myth_id" = ?[0m  [["myth_id", 3]]
[active_model_serializers]   ↳ app/controllers/myths_controller.rb:4:in `index'
[active_model_serializers] Rendered ActiveModel::Serializer::CollectionSerializer with ActiveModelSerializers::Adapter::Attributes (25.81ms)
Completed 200 OK in 31ms (Views: 22.8ms | ActiveRecord: 7.6ms | Allocations: 6256)


Started GET "/myths" for ::1 at 2020-09-16 16:28:44 -0700
Processing by MythsController#index as */*
  [1m[36mMyth Load (0.2ms)[0m  [1m[34mSELECT "myths".* FROM "myths"[0m
  ↳ app/controllers/myths_controller.rb:4:in `index'
[active_model_serializers]   [1m[36mFact Load (0.3ms)[0m  [1m[34mSELECT "facts".* FROM "facts" WHERE "facts"."myth_id" = ?[0m  [["myth_id", 1]]
[active_model_serializers]   ↳ app/controllers/myths_controller.rb:4:in `index'
[active_model_serializers]   [1m[36mFact Load (0.2ms)[0m  [1m[34mSELECT "facts".* FROM "facts" WHERE "facts"."myth_id" = ?[0m  [["myth_id", 2]]
[active_model_serializers]   ↳ app/controllers/myths_controller.rb:4:in `index'
[active_model_serializers]   [1m[36mFact Load (0.3ms)[0m  [1m[34mSELECT "facts".* FROM "facts" WHERE "facts"."myth_id" = ?[0m  [["myth_id", 3]]
[active_model_serializers]   ↳ app/controllers/myths_controller.rb:4:in `index'
[active_model_serializers] Rendered ActiveModel::Serializer::CollectionSerializer with ActiveModelSerializers::Adapter::Attributes (89.93ms)
Completed 200 OK in 95ms (Views: 93.8ms | ActiveRecord: 0.9ms | Allocations: 6229)


Started GET "/myths" for ::1 at 2020-09-16 16:38:13 -0700
  [1m[35m (0.1ms)[0m  [1m[34mSELECT sqlite_version(*)[0m
Processing by MythsController#index as */*
  [1m[36mMyth Load (2.1ms)[0m  [1m[34mSELECT "myths".* FROM "myths"[0m
  ↳ app/controllers/myths_controller.rb:4:in `index'
[active_model_serializers]   [1m[36mFact Load (5.7ms)[0m  [1m[34mSELECT "facts".* FROM "facts" WHERE "facts"."myth_id" = ?[0m  [["myth_id", 1]]
[active_model_serializers]   ↳ app/controllers/myths_controller.rb:4:in `index'
[active_model_serializers]   [1m[36mFact Load (0.2ms)[0m  [1m[34mSELECT "facts".* FROM "facts" WHERE "facts"."myth_id" = ?[0m  [["myth_id", 2]]
[active_model_serializers]   ↳ app/controllers/myths_controller.rb:4:in `index'
[active_model_serializers]   [1m[36mFact Load (0.2ms)[0m  [1m[34mSELECT "facts".* FROM "facts" WHERE "facts"."myth_id" = ?[0m  [["myth_id", 3]]
[active_model_serializers]   ↳ app/controllers/myths_controller.rb:4:in `index'
[active_model_serializers] Rendered ActiveModel::Serializer::CollectionSerializer with ActiveModelSerializers::Adapter::Attributes (23.45ms)
Completed 200 OK in 28ms (Views: 19.8ms | ActiveRecord: 8.2ms | Allocations: 6256)


